0 info it worked if it ends with ok
1 verbose cli [ 'node', '/usr/local/bin/npm', 'update', '-g', 'bower' ]
2 info using npm@2.1.14
3 info using node@v0.10.35
4 verbose node symlink /usr/local/bin/node
5 silly mapToRegistry name bower
6 silly mapToRegistry using default registry
7 silly mapToRegistry registry https://registry.npmjs.org/
8 silly mapToRegistry uri https://registry.npmjs.org/bower
9 verbose request uri https://registry.npmjs.org/bower
10 verbose request no auth needed
11 info attempt registry request try #1 at 16:05:54
12 verbose request id 2e1fe268abcf6a0c
13 verbose etag "BXLVC6YFMAF1Y3BI9XE5HNI2Y"
14 http request GET https://registry.npmjs.org/bower
15 http 304 https://registry.npmjs.org/bower
16 silly get cb [ 304,
16 silly get   { date: 'Mon, 06 Apr 2015 20:05:55 GMT',
16 silly get     server: 'Apache',
16 silly get     via: '1.1 varnish',
16 silly get     'last-modified': 'Mon, 06 Apr 2015 20:05:55 GMT',
16 silly get     'cache-control': 'max-age=60',
16 silly get     etag: '"BXLVC6YFMAF1Y3BI9XE5HNI2Y"',
16 silly get     age: '30',
16 silly get     'x-served-by': 'cache-atl6227-ATL',
16 silly get     'x-cache': 'HIT',
16 silly get     'x-cache-hits': '1',
16 silly get     'x-timer': 'S1428350755.302844,VS0,VE1',
16 silly get     vary: 'Accept',
16 silly get     'content-length': '0',
16 silly get     'keep-alive': 'timeout=10, max=50',
16 silly get     connection: 'Keep-Alive' } ]
17 verbose etag https://registry.npmjs.org/bower from cache
18 verbose type called_on_non_object
19 verbose stack TypeError: Object.keys called on non-object
19 verbose stack     at Function.keys (native)
19 verbose stack     at unmarkExtraneous (/usr/local/lib/node_modules/npm/node_modules/read-installed/read-installed.js:362:10)
19 verbose stack     at /usr/local/lib/node_modules/npm/node_modules/read-installed/read-installed.js:137:5
19 verbose stack     at next (/usr/local/lib/node_modules/npm/node_modules/read-installed/read-installed.js:185:14)
19 verbose stack     at /usr/local/lib/node_modules/npm/node_modules/read-installed/read-installed.js:169:14
19 verbose stack     at Object.oncomplete (evalmachine.<anonymous>:108:15)
20 verbose cwd /Users/hawley/wdi/semio_frontend
21 error Darwin 14.1.0
22 error argv "node" "/usr/local/bin/npm" "update" "-g" "bower"
23 error node v0.10.35
24 error npm  v2.1.14
25 error Object.keys called on non-object
26 error If you need help, you may report this error at:
26 error     <http://github.com/npm/npm/issues>
27 verbose exit [ 1, true ]
